This is pdfTeX, Version 3.14159265-2.6-1.40.15 (TeX Live 2014) (preloaded format=pdflatex 2014.5.25)  14 DEC 2014 14:24
entering extended mode
 restricted \write18 enabled.
 %&-line parsing enabled.
**report_4.tex
(./report_4.tex
LaTeX2e <2014/05/01>
Babel <3.9k> and hyphenation patterns for 78 languages loaded.
(./elsarticle.cls
Document Class: elsarticle 2009/09/17, 1.20b: Elsevier Ltd
\@bls=\dimen102
(/usr/local/texlive/2014/texmf-dist/tex/latex/base/article.cls
Document Class: article 2007/10/19 v1.4h Standard LaTeX document class
(/usr/local/texlive/2014/texmf-dist/tex/latex/base/size12.clo
File: size12.clo 2007/10/19 v1.4h Standard LaTeX file (size option)
)
\c@part=\count79
\c@section=\count80
\c@subsection=\count81
\c@subsubsection=\count82
\c@paragraph=\count83
\c@subparagraph=\count84
\c@figure=\count85
\c@table=\count86
\abovecaptionskip=\skip41
\belowcaptionskip=\skip42
\bibindent=\dimen103
)
(/usr/local/texlive/2014/texmf-dist/tex/latex/graphics/graphicx.sty
Package: graphicx 2014/04/25 v1.0g Enhanced LaTeX Graphics (DPC,SPQR)

(/usr/local/texlive/2014/texmf-dist/tex/latex/graphics/keyval.sty
Package: keyval 2014/05/08 v1.15 key=value parser (DPC)
\KV@toks@=\toks14
)
(/usr/local/texlive/2014/texmf-dist/tex/latex/graphics/graphics.sty
Package: graphics 2009/02/05 v1.0o Standard LaTeX Graphics (DPC,SPQR)

(/usr/local/texlive/2014/texmf-dist/tex/latex/graphics/trig.sty
Package: trig 1999/03/16 v1.09 sin cos tan (DPC)
)
(/usr/local/texlive/2014/texmf-dist/tex/latex/latexconfig/graphics.cfg
File: graphics.cfg 2010/04/23 v1.9 graphics configuration of TeX Live
)
Package graphics Info: Driver file: pdftex.def on input line 91.

(/usr/local/texlive/2014/texmf-dist/tex/latex/pdftex-def/pdftex.def
File: pdftex.def 2011/05/27 v0.06d Graphics/color for pdfTeX

(/usr/local/texlive/2014/texmf-dist/tex/generic/oberdiek/infwarerr.sty
Package: infwarerr 2010/04/08 v1.3 Providing info/warning/error messages (HO)
)
(/usr/local/texlive/2014/texmf-dist/tex/generic/oberdiek/ltxcmds.sty
Package: ltxcmds 2011/11/09 v1.22 LaTeX kernel commands for general use (HO)
)
\Gread@gobject=\count87
))
\Gin@req@height=\dimen104
\Gin@req@width=\dimen105
)
(/usr/local/texlive/2014/texmf-dist/tex/latex/psnfss/pifont.sty
Package: pifont 2005/04/12 PSNFSS-v9.2a Pi font support (SPQR) 
LaTeX Font Info:    Try loading font information for U+pzd on input line 63.

(/usr/local/texlive/2014/texmf-dist/tex/latex/psnfss/upzd.fd
File: upzd.fd 2001/06/04 font definitions for U/pzd.
)
LaTeX Font Info:    Try loading font information for U+psy on input line 64.

(/usr/local/texlive/2014/texmf-dist/tex/latex/psnfss/upsy.fd
File: upsy.fd 2001/06/04 font definitions for U/psy.
))
\c@tnote=\count88
\c@fnote=\count89
\c@cnote=\count90
\c@ead=\count91
\c@author=\count92
\@eadauthor=\toks15
\c@affn=\count93
\absbox=\box26
\keybox=\box27
\Columnwidth=\dimen106
\space@left=\dimen107
\els@boxa=\box28
\els@boxb=\box29
\leftMargin=\dimen108
\@enLab=\toks16
\@sep=\skip43
\@@sep=\skip44
 (./report_4.spl) (/usr/local/texlive/2014/texmf-dist/tex/latex/natbib/natbib.s
ty
Package: natbib 2010/09/13 8.31b (PWD, AO)
\bibhang=\skip45
\bibsep=\skip46
LaTeX Info: Redefining \cite on input line 694.
\c@NAT@ctr=\count94
)
\splwrite=\write3
\openout3 = `report_4.spl'.


(/usr/local/texlive/2014/texmf-dist/tex/latex/geometry/geometry.sty
Package: geometry 2010/09/12 v5.6 Page Geometry

(/usr/local/texlive/2014/texmf-dist/tex/generic/oberdiek/ifpdf.sty
Package: ifpdf 2011/01/30 v2.3 Provides the ifpdf switch (HO)
Package ifpdf Info: pdfTeX in PDF mode is detected.
)
(/usr/local/texlive/2014/texmf-dist/tex/generic/oberdiek/ifvtex.sty
Package: ifvtex 2010/03/01 v1.5 Detect VTeX and its facilities (HO)
Package ifvtex Info: VTeX not detected.
)
(/usr/local/texlive/2014/texmf-dist/tex/generic/ifxetex/ifxetex.sty
Package: ifxetex 2010/09/12 v0.6 Provides ifxetex conditional
)
\Gm@cnth=\count95
\Gm@cntv=\count96
\c@Gm@tempcnt=\count97
\Gm@bindingoffset=\dimen109
\Gm@wd@mp=\dimen110
\Gm@odd@mp=\dimen111
\Gm@even@mp=\dimen112
\Gm@layoutwidth=\dimen113
\Gm@layoutheight=\dimen114
\Gm@layouthoffset=\dimen115
\Gm@layoutvoffset=\dimen116
\Gm@dimlist=\toks17
)
(/usr/local/texlive/2014/texmf-dist/tex/latex/base/fleqn.clo
File: fleqn.clo 1998/08/17 v1.1c Standard LaTeX option (flush left equations)
\mathindent=\dimen117
)
\appnamewidth=\dimen118
)
(/usr/local/texlive/2014/texmf-dist/tex/latex/txfonts/txfonts.sty
Package: txfonts 2008/01/22 v3.2.1
LaTeX Font Info:    Redeclaring symbol font `operators' on input line 21.
LaTeX Font Info:    Overwriting symbol font `operators' in version `normal'
(Font)                  OT1/cmr/m/n --> OT1/txr/m/n on input line 21.
LaTeX Font Info:    Overwriting symbol font `operators' in version `bold'
(Font)                  OT1/cmr/bx/n --> OT1/txr/m/n on input line 21.
LaTeX Font Info:    Overwriting symbol font `operators' in version `bold'
(Font)                  OT1/txr/m/n --> OT1/txr/bx/n on input line 22.
\symitalic=\mathgroup4
LaTeX Font Info:    Overwriting symbol font `italic' in version `bold'
(Font)                  OT1/txr/m/it --> OT1/txr/bx/it on input line 26.
LaTeX Font Info:    Redeclaring math alphabet \mathbf on input line 29.
LaTeX Font Info:    Overwriting math alphabet `\mathbf' in version `normal'
(Font)                  OT1/cmr/bx/n --> OT1/txr/bx/n on input line 29.
LaTeX Font Info:    Overwriting math alphabet `\mathbf' in version `bold'
(Font)                  OT1/cmr/bx/n --> OT1/txr/bx/n on input line 29.
LaTeX Font Info:    Redeclaring math alphabet \mathit on input line 30.
LaTeX Font Info:    Overwriting math alphabet `\mathit' in version `normal'
(Font)                  OT1/cmr/m/it --> OT1/txr/m/it on input line 30.
LaTeX Font Info:    Overwriting math alphabet `\mathit' in version `bold'
(Font)                  OT1/cmr/bx/it --> OT1/txr/m/it on input line 30.
LaTeX Font Info:    Overwriting math alphabet `\mathit' in version `bold'
(Font)                  OT1/txr/m/it --> OT1/txr/bx/it on input line 31.
LaTeX Font Info:    Redeclaring math alphabet \mathsf on input line 40.
LaTeX Font Info:    Overwriting math alphabet `\mathsf' in version `normal'
(Font)                  OT1/cmss/m/n --> OT1/txss/m/n on input line 40.
LaTeX Font Info:    Overwriting math alphabet `\mathsf' in version `bold'
(Font)                  OT1/cmss/bx/n --> OT1/txss/m/n on input line 40.
LaTeX Font Info:    Overwriting math alphabet `\mathsf' in version `bold'
(Font)                  OT1/txss/m/n --> OT1/txss/b/n on input line 41.
LaTeX Font Info:    Redeclaring math alphabet \mathtt on input line 50.
LaTeX Font Info:    Overwriting math alphabet `\mathtt' in version `normal'
(Font)                  OT1/cmtt/m/n --> OT1/txtt/m/n on input line 50.
LaTeX Font Info:    Overwriting math alphabet `\mathtt' in version `bold'
(Font)                  OT1/cmtt/m/n --> OT1/txtt/m/n on input line 50.
LaTeX Font Info:    Overwriting math alphabet `\mathtt' in version `bold'
(Font)                  OT1/txtt/m/n --> OT1/txtt/b/n on input line 51.
LaTeX Font Info:    Redeclaring symbol font `letters' on input line 58.
LaTeX Font Info:    Overwriting symbol font `letters' in version `normal'
(Font)                  OML/cmm/m/it --> OML/txmi/m/it on input line 58.
LaTeX Font Info:    Overwriting symbol font `letters' in version `bold'
(Font)                  OML/cmm/b/it --> OML/txmi/m/it on input line 58.
LaTeX Font Info:    Overwriting symbol font `letters' in version `bold'
(Font)                  OML/txmi/m/it --> OML/txmi/bx/it on input line 59.
\symlettersA=\mathgroup5
LaTeX Font Info:    Overwriting symbol font `lettersA' in version `bold'
(Font)                  U/txmia/m/it --> U/txmia/bx/it on input line 67.
LaTeX Font Info:    Redeclaring symbol font `symbols' on input line 77.
LaTeX Font Info:    Overwriting symbol font `symbols' in version `normal'
(Font)                  OMS/cmsy/m/n --> OMS/txsy/m/n on input line 77.
LaTeX Font Info:    Overwriting symbol font `symbols' in version `bold'
(Font)                  OMS/cmsy/b/n --> OMS/txsy/m/n on input line 77.
LaTeX Font Info:    Overwriting symbol font `symbols' in version `bold'
(Font)                  OMS/txsy/m/n --> OMS/txsy/bx/n on input line 78.
\symAMSa=\mathgroup6
LaTeX Font Info:    Overwriting symbol font `AMSa' in version `bold'
(Font)                  U/txsya/m/n --> U/txsya/bx/n on input line 94.
\symAMSb=\mathgroup7
LaTeX Font Info:    Overwriting symbol font `AMSb' in version `bold'
(Font)                  U/txsyb/m/n --> U/txsyb/bx/n on input line 103.
\symsymbolsC=\mathgroup8
LaTeX Font Info:    Overwriting symbol font `symbolsC' in version `bold'
(Font)                  U/txsyc/m/n --> U/txsyc/bx/n on input line 113.
LaTeX Font Info:    Redeclaring symbol font `largesymbols' on input line 120.
LaTeX Font Info:    Overwriting symbol font `largesymbols' in version `normal'
(Font)                  OMX/cmex/m/n --> OMX/txex/m/n on input line 120.
LaTeX Font Info:    Overwriting symbol font `largesymbols' in version `bold'
(Font)                  OMX/cmex/m/n --> OMX/txex/m/n on input line 120.
LaTeX Font Info:    Overwriting symbol font `largesymbols' in version `bold'
(Font)                  OMX/txex/m/n --> OMX/txex/bx/n on input line 121.
\symlargesymbolsA=\mathgroup9
LaTeX Font Info:    Overwriting symbol font `largesymbolsA' in version `bold'
(Font)                  U/txexa/m/n --> U/txexa/bx/n on input line 129.
LaTeX Info: Redefining \not on input line 1043.
)

Package geometry Warning: Over-specification in `h'-direction.
    `width' (522.0pt) is ignored.


Package geometry Warning: Over-specification in `v'-direction.
    `height' (682.0pt) is ignored.

(/usr/local/texlive/2014/texmf-dist/tex/latex/float/float.sty
Package: float 2001/11/08 v1.3d Float enhancements (AL)
\c@float@type=\count98
\float@exts=\toks18
\float@box=\box30
\@float@everytoks=\toks19
\@floatcapt=\box31
)
(/usr/local/texlive/2014/texmf-dist/tex/latex/amsmath/amsmath.sty
Package: amsmath 2013/01/14 v2.14 AMS math features
\@mathmargin=\skip47

For additional information on amsmath, use the `?' option.
(/usr/local/texlive/2014/texmf-dist/tex/latex/amsmath/amstext.sty
Package: amstext 2000/06/29 v2.01

(/usr/local/texlive/2014/texmf-dist/tex/latex/amsmath/amsgen.sty
File: amsgen.sty 1999/11/30 v2.0
\@emptytoks=\toks20
\ex@=\dimen119
))
(/usr/local/texlive/2014/texmf-dist/tex/latex/amsmath/amsbsy.sty
Package: amsbsy 1999/11/29 v1.2d
\pmbraise@=\dimen120
)
(/usr/local/texlive/2014/texmf-dist/tex/latex/amsmath/amsopn.sty
Package: amsopn 1999/12/14 v2.01 operator names
)
\inf@bad=\count99
LaTeX Info: Redefining \frac on input line 210.
\uproot@=\count100
\leftroot@=\count101
LaTeX Info: Redefining \overline on input line 306.
\classnum@=\count102
\DOTSCASE@=\count103
LaTeX Info: Redefining \ldots on input line 378.
LaTeX Info: Redefining \dots on input line 381.
LaTeX Info: Redefining \cdots on input line 466.
\Mathstrutbox@=\box32
\strutbox@=\box33
\big@size=\dimen121
LaTeX Font Info:    Redeclaring font encoding OML on input line 566.
LaTeX Font Info:    Redeclaring font encoding OMS on input line 567.
\macc@depth=\count104
\c@MaxMatrixCols=\count105
\dotsspace@=\muskip10
\c@parentequation=\count106
\dspbrk@lvl=\count107
\tag@help=\toks21
\row@=\count108
\column@=\count109
\maxfields@=\count110
\andhelp@=\toks22
\eqnshift@=\dimen122
\alignsep@=\dimen123
\tagshift@=\dimen124
\tagwidth@=\dimen125
\totwidth@=\dimen126
\lineht@=\dimen127
\@envbody=\toks23
\multlinegap=\skip48
\multlinetaggap=\skip49
\mathdisplay@stack=\toks24
LaTeX Info: Redefining \[ on input line 2665.
LaTeX Info: Redefining \] on input line 2666.
)
(/usr/local/texlive/2014/texmf-dist/tex/latex/hyperref/hyperref.sty
Package: hyperref 2012/11/06 v6.83m Hypertext links for LaTeX

(/usr/local/texlive/2014/texmf-dist/tex/generic/oberdiek/hobsub-hyperref.sty
Package: hobsub-hyperref 2012/05/28 v1.13 Bundle oberdiek, subset hyperref (HO)


(/usr/local/texlive/2014/texmf-dist/tex/generic/oberdiek/hobsub-generic.sty
Package: hobsub-generic 2012/05/28 v1.13 Bundle oberdiek, subset generic (HO)
Package: hobsub 2012/05/28 v1.13 Construct package bundles (HO)
Package hobsub Info: Skipping package `infwarerr' (already loaded).
Package hobsub Info: Skipping package `ltxcmds' (already loaded).
Package: ifluatex 2010/03/01 v1.3 Provides the ifluatex switch (HO)
Package ifluatex Info: LuaTeX not detected.
Package hobsub Info: Skipping package `ifvtex' (already loaded).
Package: intcalc 2007/09/27 v1.1 Expandable calculations with integers (HO)
Package hobsub Info: Skipping package `ifpdf' (already loaded).
Package: etexcmds 2011/02/16 v1.5 Avoid name clashes with e-TeX commands (HO)
Package etexcmds Info: Could not find \expanded.
(etexcmds)             That can mean that you are not using pdfTeX 1.50 or
(etexcmds)             that some package has redefined \expanded.
(etexcmds)             In the latter case, load this package earlier.
Package: kvsetkeys 2012/04/25 v1.16 Key value parser (HO)
Package: kvdefinekeys 2011/04/07 v1.3 Define keys (HO)
Package: pdftexcmds 2011/11/29 v0.20 Utility functions of pdfTeX for LuaTeX (HO
)
Package pdftexcmds Info: LuaTeX not detected.
Package pdftexcmds Info: \pdf@primitive is available.
Package pdftexcmds Info: \pdf@ifprimitive is available.
Package pdftexcmds Info: \pdfdraftmode found.
Package: pdfescape 2011/11/25 v1.13 Implements pdfTeX's escape features (HO)
Package: bigintcalc 2012/04/08 v1.3 Expandable calculations on big integers (HO
)
Package: bitset 2011/01/30 v1.1 Handle bit-vector datatype (HO)
Package: uniquecounter 2011/01/30 v1.2 Provide unlimited unique counter (HO)
)
Package hobsub Info: Skipping package `hobsub' (already loaded).
Package: letltxmacro 2010/09/02 v1.4 Let assignment for LaTeX macros (HO)
Package: hopatch 2012/05/28 v1.2 Wrapper for package hooks (HO)
Package: xcolor-patch 2011/01/30 xcolor patch
Package: atveryend 2011/06/30 v1.8 Hooks at the very end of document (HO)
Package atveryend Info: \enddocument detected (standard20110627).
Package: atbegshi 2011/10/05 v1.16 At begin shipout hook (HO)
Package: refcount 2011/10/16 v3.4 Data extraction from label references (HO)
Package: hycolor 2011/01/30 v1.7 Color options for hyperref/bookmark (HO)
)
(/usr/local/texlive/2014/texmf-dist/tex/latex/oberdiek/auxhook.sty
Package: auxhook 2011/03/04 v1.3 Hooks for auxiliary files (HO)
)
(/usr/local/texlive/2014/texmf-dist/tex/latex/oberdiek/kvoptions.sty
Package: kvoptions 2011/06/30 v3.11 Key value format for package options (HO)
)
\@linkdim=\dimen128
\Hy@linkcounter=\count111
\Hy@pagecounter=\count112

(/usr/local/texlive/2014/texmf-dist/tex/latex/hyperref/pd1enc.def
File: pd1enc.def 2012/11/06 v6.83m Hyperref: PDFDocEncoding definition (HO)
)
\Hy@SavedSpaceFactor=\count113

(/usr/local/texlive/2014/texmf-dist/tex/latex/latexconfig/hyperref.cfg
File: hyperref.cfg 2002/06/06 v1.2 hyperref configuration of TeXLive
)
Package hyperref Info: Hyper figures OFF on input line 4443.
Package hyperref Info: Link nesting OFF on input line 4448.
Package hyperref Info: Hyper index ON on input line 4451.
Package hyperref Info: Plain pages OFF on input line 4458.
Package hyperref Info: Backreferencing OFF on input line 4463.
Package hyperref Info: Implicit mode ON; LaTeX internals redefined.
Package hyperref Info: Bookmarks ON on input line 4688.
\c@Hy@tempcnt=\count114

(/usr/local/texlive/2014/texmf-dist/tex/latex/url/url.sty
\Urlmuskip=\muskip11
Package: url 2013/09/16  ver 3.4  Verb mode for urls, etc.
)
LaTeX Info: Redefining \url on input line 5041.
\XeTeXLinkMargin=\dimen129
\Fld@menulength=\count115
\Field@Width=\dimen130
\Fld@charsize=\dimen131
Package hyperref Info: Hyper figures OFF on input line 6295.
Package hyperref Info: Link nesting OFF on input line 6300.
Package hyperref Info: Hyper index ON on input line 6303.
Package hyperref Info: backreferencing OFF on input line 6310.
Package hyperref Info: Link coloring OFF on input line 6315.
Package hyperref Info: Link coloring with OCG OFF on input line 6320.
Package hyperref Info: PDF/A mode OFF on input line 6325.
LaTeX Info: Redefining \ref on input line 6365.
LaTeX Info: Redefining \pageref on input line 6369.
\Hy@abspage=\count116
\c@Item=\count117
\c@Hfootnote=\count118
)

Package hyperref Message: Driver (autodetected): hpdftex.

(/usr/local/texlive/2014/texmf-dist/tex/latex/hyperref/hpdftex.def
File: hpdftex.def 2012/11/06 v6.83m Hyperref driver for pdfTeX
\Fld@listcount=\count119
\c@bookmark@seq@number=\count120

(/usr/local/texlive/2014/texmf-dist/tex/latex/oberdiek/rerunfilecheck.sty
Package: rerunfilecheck 2011/04/15 v1.7 Rerun checks for auxiliary files (HO)
Package uniquecounter Info: New unique counter `rerunfilecheck' on input line 2
82.
)
\Hy@SectionHShift=\skip50
)
(/usr/local/texlive/2014/texmf-dist/tex/latex/was/gensymb.sty
Package: gensymb 2003/07/02 v1.0 (WaS)
)
(/usr/local/texlive/2014/texmf-dist/tex/latex/caption/subcaption.sty
Package: subcaption 2013/02/03 v1.1-62 Sub-captions (AR)

(/usr/local/texlive/2014/texmf-dist/tex/latex/caption/caption.sty
Package: caption 2013/05/02 v3.3-89 Customizing captions (AR)

(/usr/local/texlive/2014/texmf-dist/tex/latex/caption/caption3.sty
Package: caption3 2013/05/02 v1.6-88 caption3 kernel (AR)
Package caption3 Info: TeX engine: e-TeX on input line 57.
\captionmargin=\dimen132
\captionmargin@=\dimen133
\captionwidth=\dimen134
\caption@tempdima=\dimen135
\caption@indent=\dimen136
\caption@parindent=\dimen137
\caption@hangindent=\dimen138
)
\c@ContinuedFloat=\count121
Package caption Info: float package is loaded.
Package caption Info: hyperref package is loaded.
)
\c@subfigure=\count122
\c@subtable=\count123
)
(/usr/local/texlive/2014/texmf-dist/tex/latex/footmisc/footmisc.sty
Package: footmisc 2011/06/06 v5.5b a miscellany of footnote facilities
\FN@temptoken=\toks25
\footnotemargin=\dimen139
\c@pp@next@reset=\count124
Package footmisc Info: Declaring symbol style bringhurst on input line 855.
Package footmisc Info: Declaring symbol style chicago on input line 863.
Package footmisc Info: Declaring symbol style wiley on input line 872.
Package footmisc Info: Declaring symbol style lamport-robust on input line 883.

Package footmisc Info: Declaring symbol style lamport* on input line 903.
Package footmisc Info: Declaring symbol style lamport*-robust on input line 924
.
)
(./report_4.aux

LaTeX Warning: Label `results' multiply defined.

)
\openout1 = `report_4.aux'.

LaTeX Font Info:    Checking defaults for OML/txmi/m/it on input line 15.
LaTeX Font Info:    Try loading font information for OML+txmi on input line 15.

 (/usr/local/texlive/2014/texmf-dist/tex/latex/txfonts/omltxmi.fd
File: omltxmi.fd 2000/12/15 v3.1
)
LaTeX Font Info:    ... okay on input line 15.
LaTeX Font Info:    Checking defaults for T1/cmr/m/n on input line 15.
LaTeX Font Info:    ... okay on input line 15.
LaTeX Font Info:    Checking defaults for OT1/cmr/m/n on input line 15.
LaTeX Font Info:    ... okay on input line 15.
LaTeX Font Info:    Checking defaults for OMS/txsy/m/n on input line 15.
LaTeX Font Info:    Try loading font information for OMS+txsy on input line 15.


(/usr/local/texlive/2014/texmf-dist/tex/latex/txfonts/omstxsy.fd
File: omstxsy.fd 2000/12/15 v3.1
)
LaTeX Font Info:    ... okay on input line 15.
LaTeX Font Info:    Checking defaults for OMX/txex/m/n on input line 15.
LaTeX Font Info:    Try loading font information for OMX+txex on input line 15.


(/usr/local/texlive/2014/texmf-dist/tex/latex/txfonts/omxtxex.fd
File: omxtxex.fd 2000/12/15 v3.1
)
LaTeX Font Info:    ... okay on input line 15.
LaTeX Font Info:    Checking defaults for U/txexa/m/n on input line 15.
LaTeX Font Info:    Try loading font information for U+txexa on input line 15.

(/usr/local/texlive/2014/texmf-dist/tex/latex/txfonts/utxexa.fd
File: utxexa.fd 2000/12/15 v3.1
)
LaTeX Font Info:    ... okay on input line 15.
LaTeX Font Info:    Checking defaults for PD1/pdf/m/n on input line 15.
LaTeX Font Info:    ... okay on input line 15.
LaTeX Font Info:    Try loading font information for OT1+txr on input line 15.

(/usr/local/texlive/2014/texmf-dist/tex/latex/txfonts/ot1txr.fd
File: ot1txr.fd 2000/12/15 v3.1
)
(/usr/local/texlive/2014/texmf-dist/tex/context/base/supp-pdf.mkii
[Loading MPS to PDF converter (version 2006.09.02).]
\scratchcounter=\count125
\scratchdimen=\dimen140
\scratchbox=\box34
\nofMPsegments=\count126
\nofMParguments=\count127
\everyMPshowfont=\toks26
\MPscratchCnt=\count128
\MPscratchDim=\dimen141
\MPnumerator=\count129
\makeMPintoPDFobject=\count130
\everyMPtoPDFconversion=\toks27
) (/usr/local/texlive/2014/texmf-dist/tex/latex/oberdiek/epstopdf-base.sty
Package: epstopdf-base 2010/02/09 v2.5 Base part for package epstopdf

(/usr/local/texlive/2014/texmf-dist/tex/latex/oberdiek/grfext.sty
Package: grfext 2010/08/19 v1.1 Manage graphics extensions (HO)
)
Package grfext Info: Graphics extension search list:
(grfext)             [.png,.pdf,.jpg,.mps,.jpeg,.jbig2,.jb2,.PNG,.PDF,.JPG,.JPE
G,.JBIG2,.JB2,.eps]
(grfext)             \AppendGraphicsExtensions on input line 452.

(/usr/local/texlive/2014/texmf-dist/tex/latex/latexconfig/epstopdf-sys.cfg
File: epstopdf-sys.cfg 2010/07/13 v1.3 Configuration of (r)epstopdf for TeX Liv
e
))
*geometry* driver: auto-detecting
*geometry* detected driver: pdftex
*geometry* verbose mode - [ preamble ] result:
* driver: pdftex
* paper: custom
* layout: <same size as paper>
* layoutoffset:(h,v)=(0.0pt,0.0pt)
* hratio: 1:1
* vratio: 1:1
* modes: 
* h-part:(L,W,R)=(79.49744pt, 438.513pt, 79.49744pt)
* v-part:(T,H,B)=(108.405pt, 628.23685pt, 108.405pt)
* \paperwidth=597.50787pt
* \paperheight=845.04684pt
* \textwidth=438.513pt
* \textheight=628.23685pt
* \oddsidemargin=7.22745pt
* \evensidemargin=7.22745pt
* \topmargin=-25.86499pt
* \headheight=50.0pt
* \headsep=12.0pt
* \topskip=12.0pt
* \footskip=18.0pt
* \marginparwidth=44.0pt
* \marginparsep=10.0pt
* \columnsep=18.0pt
* \skip\footins=24.0pt plus 2.0pt minus 12.0pt
* \hoffset=0.0pt
* \voffset=0.0pt
* \mag=1000
* \@twocolumntrue
* \@twosidefalse
* \@mparswitchfalse
* \@reversemarginfalse
* (1in=72.27pt=25.4mm, 1cm=28.453pt)

\AtBeginShipoutBox=\box35
Package hyperref Info: Link coloring OFF on input line 15.
(/usr/local/texlive/2014/texmf-dist/tex/latex/hyperref/nameref.sty
Package: nameref 2012/10/27 v2.43 Cross-referencing by name of section

(/usr/local/texlive/2014/texmf-dist/tex/generic/oberdiek/gettitlestring.sty
Package: gettitlestring 2010/12/03 v1.4 Cleanup title references (HO)
)
\c@section@level=\count131
)
LaTeX Info: Redefining \ref on input line 15.
LaTeX Info: Redefining \pageref on input line 15.
LaTeX Info: Redefining \nameref on input line 15.

(./report_4.out) (./report_4.out)
\@outlinefile=\write4
\openout4 = `report_4.out'.

LaTeX Info: Redefining \celsius on input line 15.
Package gensymb Info: Faking symbols for \degree and \celsius on input line 15.



Package gensymb Warning: Not defining \perthousand.

LaTeX Info: Redefining \ohm on input line 15.
Package gensymb Info: Using \Omega for \ohm on input line 15.

Package gensymb Warning: Not defining \micro.

Package caption Info: Begin \AtBeginDocument code.
Package caption Info: End \AtBeginDocument code.
LaTeX Font Info:    Try loading font information for U+txmia on input line 21.
(/usr/local/texlive/2014/texmf-dist/tex/latex/txfonts/utxmia.fd
File: utxmia.fd 2000/12/15 v3.1
)
LaTeX Font Info:    Try loading font information for U+txsya on input line 21.

(/usr/local/texlive/2014/texmf-dist/tex/latex/txfonts/utxsya.fd
File: utxsya.fd 2000/12/15 v3.1
)
LaTeX Font Info:    Try loading font information for U+txsyb on input line 21.

(/usr/local/texlive/2014/texmf-dist/tex/latex/txfonts/utxsyb.fd
File: utxsyb.fd 2000/12/15 v3.1
)
LaTeX Font Info:    Try loading font information for U+txsyc on input line 21.

(/usr/local/texlive/2014/texmf-dist/tex/latex/txfonts/utxsyc.fd
File: utxsyc.fd 2000/12/15 v3.1
)
Overfull \hbox (13.78351pt too wide) in paragraph at lines 25--26
\OT1/txr/m/n/12 im-por-tant in-for-ma-tion about the chem-i-cal com-
 []


Overfull \hbox (1.23149pt too wide) in paragraph at lines 25--26
\OT1/txr/m/n/12 pro-vide de-tailed in-sight into the or-bital prop-
 []


Overfull \hbox (2.03552pt too wide) in paragraph at lines 25--26
\OT1/txr/m/n/12 er-ties of plan-e-tary bod-ies from Doppler mea-
 []

[1{/usr/local/texlive/2014/texmf-var/fonts/map/pdftex/updmap/pdftex.map}


]
Underfull \hbox (badness 1490) in paragraph at lines 47--47
\OML/txmi/m/it/10 ^^U$\OT1/txr/m/n/10 =632.8 nm, cor-re-spond-ing to echelle or
-der of
 []


Overfull \hbox (1.27632pt too wide) in paragraph at lines 34--49
[]\OT1/txr/m/n/12 The spec-trom-e-ter con-sists of a 300 mm$[]$
 []


Overfull \hbox (2.76678pt too wide) in paragraph at lines 34--49
\OT1/txr/m/n/12 im-age cap-tured by the APOGEE 13 $\OML/txmi/m/it/12 ^^V$\OT1/t
xr/m/n/12 m CCD
 []


LaTeX Warning: `!h' float specifier changed to `!ht'.


Overfull \hbox (0.57152pt too wide) in paragraph at lines 50--51
\OT1/txr/m/n/12 the dis-tance be-tween two closely spaced fea-
 []


Overfull \hbox (16.33951pt too wide) in paragraph at lines 54--56
\OT1/txr/m/n/12 mag-ni-fi-ca-tion com-puted as a ra-tio of the cosines
 []


Overfull \hbox (7.2435pt too wide) in paragraph at lines 54--56
\OT1/txr/m/n/12 pix-els. Us-ing the dis-per-sion re-la-tion for pixel-
 []

<figures/single_neon.png, id=77, 400.49625pt x 285.065pt>
File: figures/single_neon.png Graphic file (type png)

<use figures/single_neon.png>
Package pdftex.def Info: figures/single_neon.png used on input line 59.
(pdftex.def)             Requested size: 219.2565pt x 156.06418pt.

Overfull \hbox (9.0pt too wide) in paragraph at lines 59--60
[][] 
 []

<figures/neon_spectra.png, id=79, 426.59375pt x 283.0575pt>
File: figures/neon_spectra.png Graphic file (type png)

<use figures/neon_spectra.png>
Package pdftex.def Info: figures/neon_spectra.png used on input line 65.
(pdftex.def)             Requested size: 219.2565pt x 145.4847pt.

Overfull \hbox (9.0pt too wide) in paragraph at lines 65--66
[][] 
 []


LaTeX Warning: `!h' float specifier changed to `!ht'.

<figures/lambda_direction.png, id=80, 391.7034pt x 310.2792pt>
File: figures/lambda_direction.png Graphic file (type png)

<use figures/lambda_direction.png>
Package pdftex.def Info: figures/lambda_direction.png used on input line 72.
(pdftex.def)             Requested size: 219.2565pt x 173.68414pt.

Overfull \hbox (9.0pt too wide) in paragraph at lines 72--73
[][] 
 []


LaTeX Warning: `!h' float specifier changed to `!ht'.


Overfull \hbox (6.1635pt too wide) in paragraph at lines 76--78
\OT1/txr/m/n/12 con-clude that the wave-length from the echelle
 []

[2 <./figures/single_neon.png>]
Overfull \hbox (2.64288pt too wide) in paragraph at lines 80--81
[]\OT1/txr/m/n/12 By adopt-ing the 1D and 2D cen-troid find-
 []


Overfull \hbox (4.65005pt too wide) in paragraph at lines 80--81
\OT1/txr/m/n/12 NIST [][][] (with the man-ual ad-di-tion of the given
 []

<figures/wavelength_calib.png, id=97, 425.6703pt x 282.0939pt>
File: figures/wavelength_calib.png Graphic file (type png)

<use figures/wavelength_calib.png>
Package pdftex.def Info: figures/wavelength_calib.png used on input line 86.
(pdftex.def)             Requested size: 219.2565pt x 145.30365pt.

Overfull \hbox (9.0pt too wide) in paragraph at lines 86--87
[][] 
 []


Underfull \hbox (badness 1448) in paragraph at lines 87--87
[]\OT1/txr/m/n/10 Figure 4: |The first or-der fit in the top fig-ure
 []


Overfull \hbox (2.4435pt too wide) in paragraph at lines 94--96
\OT1/txr/m/n/12 cal-i-brate the pixel-by-pixel vari-a-tions as well
 []


Overfull \hbox (0.4275pt too wide) in paragraph at lines 94--96
\OT1/txr/m/n/12 sources as shown in Fig.[]5[]. We take the ``dark
 []

[3 <./figures/neon_spectra.png> <./figures/lambda_direction.png> <./figures/wav
elength_calib.png>] <figures/processed.png, id=112, 460.8417pt x 131.5314pt>
File: figures/processed.png Graphic file (type png)

<use figures/processed.png>
Package pdftex.def Info: figures/processed.png used on input line 102.
(pdftex.def)             Requested size: 219.2565pt x 62.58041pt.

Overfull \hbox (9.0pt too wide) in paragraph at lines 102--103
[][] 
 []


Overfull \hbox (0.34354pt too wide) in paragraph at lines 107--108
\OT1/txr/m/n/12 ac-cu-rate Doppler shift de-ter-mi-na-tion. Quan-
 []


Overfull \hbox (4.89153pt too wide) in paragraph at lines 109--110
\OT1/txr/m/n/12 per-a-ture of a star de-creases ra-di-ally out-wards,
 []


Overfull \hbox (10.93953pt too wide) in paragraph at lines 111--112
\OT1/txr/m/n/12 tion for grey, plane-parallel stel-lar at-mo-sphere,
 []


Overfull \hbox (3.4035pt too wide) in paragraph at lines 115--117
\OT1/txr/m/n/12 By ge-o-met-ri-cally re-lat-ing this with the Earth-
 []


Overfull \hbox (6.71552pt too wide) in paragraph at lines 119--121
\OT1/txr/m/n/12 where $\OML/txmi/m/it/12 t[]$ \OT1/txr/m/n/12 is where the time
 of the cen-tral bright
 []

<figures/eddington_fit.png, id=117, 424.7067pt x 314.1336pt>
File: figures/eddington_fit.png Graphic file (type png)

<use figures/eddington_fit.png>
Package pdftex.def Info: figures/eddington_fit.png used on input line 124.
(pdftex.def)             Requested size: 219.2565pt x 162.17125pt.

Overfull \hbox (9.0pt too wide) in paragraph at lines 124--125
[][] 
 []


Underfull \hbox (badness 1205) in paragraph at lines 125--125
\OT1/txr/m/n/10 rected in the dark and flat frames dis-cussed in
 []


LaTeX Warning: `!h' float specifier changed to `!ht'.


Overfull \hbox (6.0195pt too wide) in paragraph at lines 129--130
\OT1/txr/m/n/12 into Eq.[]4[], and ig-nor-ing the un-even data points
 []


Overfull \hbox (5.65952pt too wide) in paragraph at lines 129--130
\OT1/txr/m/n/12 bound-aries of the stel-lar at-mo-sphere is a more
 []


Overfull \hbox (1.61476pt too wide) in paragraph at lines 129--130
\OT1/txr/m/n/12 and com-put-ing $^^A\OML/txmi/m/it/12 t$ \OT1/txr/m/n/12 from t
he FITS header time
 []

[4 <./figures/processed.png>]
<figures/pix_shift.png, id=136, 395.4775pt x 285.065pt>
File: figures/pix_shift.png Graphic file (type png)

<use figures/pix_shift.png>
Package pdftex.def Info: figures/pix_shift.png used on input line 134.
(pdftex.def)             Requested size: 219.2565pt x 158.0433pt.

Overfull \hbox (9.0pt too wide) in paragraph at lines 134--135
[][] 
 []


LaTeX Warning: `!h' float specifier changed to `!ht'.


Overfull \hbox (10.06033pt too wide) in paragraph at lines 138--139
[]\OT1/txr/m/n/12 The cross cor-re-la-tion anal-y-sis is con-ducted
 []

[5 <./figures/eddington_fit.png> <./figures/pix_shift.png>]
<figures/process_corr_spectra.png, id=148, 394.5942pt x 294.6207pt>
File: figures/process_corr_spectra.png Graphic file (type png)

<use figures/process_corr_spectra.png>
Package pdftex.def Info: figures/process_corr_spectra.png used on input line 15
1.
(pdftex.def)             Requested size: 219.2565pt x 163.70972pt.

Overfull \hbox (9.0pt too wide) in paragraph at lines 151--152
[][] 
 []


Overfull \hbox (0.87152pt too wide) in paragraph at lines 149--155
\OT1/txr/m/n/12 cor-re-la-tion value) near the cen-tral re-gion and
 []

<figures/autocorr_curve.png, id=150, 403.5075pt x 280.1667pt>
File: figures/autocorr_curve.png Graphic file (type png)

<use figures/autocorr_curve.png>
Package pdftex.def Info: figures/autocorr_curve.png used on input line 158.
(pdftex.def)             Requested size: 219.2565pt x 152.2368pt.

Overfull \hbox (9.0pt too wide) in paragraph at lines 158--159
[][] 
 []


Overfull \hbox (0.42432pt too wide) in paragraph at lines 156--162
[]\OT1/txr/m/n/12 We find that the cen-troid value com-puted
 []


Overfull \hbox (2.3235pt too wide) in paragraph at lines 156--162
\OT1/txr/m/n/12 pixel width, there is no point of us-ing a larger
 []


LaTeX Warning: `!h' float specifier changed to `!ht'.

<figures/long_cord_dv.png, id=151, 403.5075pt x 280.1667pt>
File: figures/long_cord_dv.png Graphic file (type png)

<use figures/long_cord_dv.png>
Package pdftex.def Info: figures/long_cord_dv.png used on input line 166.
(pdftex.def)             Requested size: 219.2565pt x 152.2368pt.

Overfull \hbox (9.0pt too wide) in paragraph at lines 166--167
[][] 
 []

<figures/short_cord_dv.png, id=152, 403.5075pt x 280.1667pt>
File: figures/short_cord_dv.png Graphic file (type png)

<use figures/short_cord_dv.png>
Package pdftex.def Info: figures/short_cord_dv.png used on input line 171.
(pdftex.def)             Requested size: 219.2565pt x 152.2368pt.

Overfull \hbox (9.0pt too wide) in paragraph at lines 171--172
[][] 
 []


LaTeX Warning: `!h' float specifier changed to `!ht'.


Overfull \hbox (5.02032pt too wide) in paragraph at lines 176--177
[]\OT1/txr/m/n/12 For each ex-po-sure in the cross-correlation
 []


Overfull \hbox (7.35149pt too wide) in paragraph at lines 176--177
\OT1/txr/m/n/12 anal-y-sis, we ob-tain a pixel value shift ($^^A\OML/txmi/m/it/
12 x$\OT1/txr/m/n/12 )that
 []

[6 <./figures/process_corr_spectra.png> <./figures/autocorr_curve.png> <./figur
es/long_cord_dv.png>]
Overfull \hbox (9.40033pt too wide) in paragraph at lines 186--187
[]\OT1/txr/m/n/12 Excluding the sat-u-rated or par-tially shaded
 []


Overfull \hbox (0.13953pt too wide) in paragraph at lines 186--187
\OT1/txr/m/n/12 8 datasets of the same or-der. Since the cross-
 []


Overfull \hbox (11.51547pt too wide) in paragraph at lines 186--187
\OT1/txr/m/n/12 the all the gra-di-ents ob-tained [][][] is 0.0015 km/$\OML/txm
i/m/it/12 s[]$\OT1/txr/m/n/12 ,
 []


Overfull \hbox (3.2355pt too wide) in paragraph at lines 186--187
\OT1/txr/m/n/12 which shows that the gra-di-ents are fairly con-
 []


Overfull \hbox (1.13548pt too wide) in paragraph at lines 186--187
\OT1/txr/m/n/12 stant, with an av-er-age value of 0.0118 km/$\OML/txmi/m/it/12 
s[]$\OT1/txr/m/n/12 . 
 []


Overfull \hbox (15.21152pt too wide) in paragraph at lines 188--190
\OT1/txr/m/n/12 limb) This pro-ce-dure, com-bined with the model
 []


Overfull \hbox (4.53148pt too wide) in paragraph at lines 188--190
\OT1/txr/m/n/12 sta-tis-ti-cally ro-bust than sim-ply tak-ing the first
 []


Overfull \hbox (8.01152pt too wide) in paragraph at lines 188--190
\OT1/txr/m/n/12 ve-loc-ity rather than a dis-crete se-lec-tion . Also,
 []


Overfull \hbox (3.4275pt too wide) in paragraph at lines 188--190
\OT1/txr/m/n/12 larger, which makes the sin-gle mea-sure-ments
 []


Overfull \hbox (0.20833pt too wide) in paragraph at lines 216--217
[]\OT1/txr/m/n/12 By con-duct-ing these co-or-di-nate trans-for-
 []

[7 <./figures/short_cord_dv.png>]
Overfull \hbox (2.3715pt too wide) in paragraph at lines 220--223
\OT1/txr/m/n/12 value ra-dius value of 453855 []6675 km. Pos-
 []


Overfull \hbox (2.69148pt too wide) in paragraph at lines 220--223
\OT1/txr/m/n/12 si-ble de-vi-a-tions from the nom-i-nal value ($\OML/txmi/m/it/
12 R[]$\OT1/txr/m/n/12 =
 []


Overfull \hbox (7.67162pt too wide) in paragraph at lines 224--225
[]\OT1/txr/m/n/12 The RMS resid-ual com-puted for each scan
 []


Overfull \hbox (7.74753pt too wide) in paragraph at lines 231--232
\OT1/txr/m/n/12 per-form the rou-tine pro-ce-dures of back-ground
 []


Overfull \hbox (3.8835pt too wide) in paragraph at lines 235--236
\OT1/txr/m/n/12 ac-quired from wave-length cal-i-bra-tion and the
 []


Overfull \hbox (13.8315pt too wide) in paragraph at lines 235--236
\OT1/txr/m/n/12 conducted on 8 dif-fer-ent so-lar scans on Novem-
 []

[8]
Overfull \hbox (0.77231pt too wide) in paragraph at lines 239--240
[]\OT1/txr/m/n/12 Another pre-ci-sion im-prove-ment step that
 []

LaTeX Font Info:    Try loading font information for OMS+txr on input line 244.

(/usr/local/texlive/2014/texmf-dist/tex/latex/txfonts/omstxr.fd
File: omstxr.fd 2000/12/15 v3.1
)
LaTeX Font Info:    Font shape `OMS/txr/m/n' in size <10> not available
(Font)              Font shape `OMS/txsy/m/n' tried instead on input line 244.

Overfull \hbox (8.4282pt too wide) in paragraph at lines 244--245
\OT1/txr/m/it/10 In-tro-duc-tion to Mod-ern As-tro-physics\OT1/txr/m/n/10 . San
 Fran-
 []

Package atveryend Info: Empty hook `BeforeClearDocument' on input line 252.
[9

]
Package atveryend Info: Empty hook `AfterLastShipout' on input line 252.
 (./report_4.aux)
Package atveryend Info: Executing hook `AtVeryEndDocument' on input line 252.
Package atveryend Info: Executing hook `AtEndAfterFileList' on input line 252.
Package rerunfilecheck Info: File `report_4.out' has not changed.
(rerunfilecheck)             Checksum: CF0B7ADA83562513BFE945478CEB0A27;885.


LaTeX Warning: There were multiply-defined labels.

Package atveryend Info: Empty hook `AtVeryVeryEnd' on input line 252.
 ) 
Here is how much of TeX's memory you used:
 8842 strings out of 493117
 129346 string characters out of 6135433
 229888 words of memory out of 5000000
 12092 multiletter control sequences out of 15000+600000
 42419 words of font info for 106 fonts, out of 8000000 for 9000
 1141 hyphenation exceptions out of 8191
 42i,10n,40p,1318b,377s stack positions out of 5000i,500n,10000p,200000b,80000s
pdfTeX warning (dest): name{Hfootnote.6} has been referenced but does not exi
st, replaced by a fixed one

pdfTeX warning (dest): name{Hfootnote.5} has been referenced but does not exist
, replaced by a fixed one

pdfTeX warning (dest): name{Hfootnote.4} has been referenced but does not exist
, replaced by a fixed one

pdfTeX warning (dest): name{Hfootnote.3} has been referenced but does not exist
, replaced by a fixed one

pdfTeX warning (dest): name{Hfootnote.2} has been referenced but does not exist
, replaced by a fixed one

pdfTeX warning (dest): name{Hfootnote.1} has been referenced but does not exist
, replaced by a fixed one

{/usr/local/texlive/2014/texmf-dist/fonts/enc/dvips/base/8r.enc}</usr/local/tex
live/2014/texmf-dist/fonts/type1/public/amsfonts/cm/cmtt10.pfb></usr/local/texl
ive/2014/texmf-dist/fonts/type1/public/txfonts/rtxmi.pfb></usr/local/texlive/20
14/texmf-dist/fonts/type1/public/txfonts/rtxr.pfb></usr/local/texlive/2014/texm
f-dist/fonts/type1/public/txfonts/txex.pfb></usr/local/texlive/2014/texmf-dist/
fonts/type1/public/txfonts/txsy.pfb></usr/local/texlive/2014/texmf-dist/fonts/t
ype1/urw/times/utmb8a.pfb></usr/local/texlive/2014/texmf-dist/fonts/type1/urw/t
imes/utmr8a.pfb></usr/local/texlive/2014/texmf-dist/fonts/type1/urw/times/utmri
8a.pfb>
Output written on report_4.pdf (9 pages, 637691 bytes).
PDF statistics:
 244 PDF objects out of 1000 (max. 8388607)
 199 compressed objects within 2 object streams
 54 named destinations out of 1000 (max. 500000)
 168 words of extra memory for PDF output out of 10000 (max. 10000000)

